<?xml version="1.0" encoding="UTF-8"?>
<testsuite xmlns:xsi="http://www.w3.org/2001/XMLSchema-instance" xsi:schemaLocation="https://maven.apache.org/surefire/maven-surefire-plugin/xsd/surefire-test-report.xsd" name="test.task.service.impl.RainyHillsServiceImplTest" time="0.32" tests="14" errors="0" skipped="0" failures="0">
  <properties>
[...]
</properties>
  <testcase name="calculateVolumeSanityTest1" classname="test.task.service.impl.RainyHillsServiceImplTest" time="0.197"/>
  <testcase name="calculateVolumeSanityTest2" classname="test.task.service.impl.RainyHillsServiceImplTest" time="0"/>
  <testcase name="calculateVolumeSanityTest3" classname="test.task.service.impl.RainyHillsServiceImplTest" time="0"/>
  <testcase name="calculateVolumeSanityTest4" classname="test.task.service.impl.RainyHillsServiceImplTest" time="0.001"/>
  <testcase name="calculateVolumeSanityTest5" classname="test.task.service.impl.RainyHillsServiceImplTest" time="0"/>
  <testcase name="calculateVolumeSanityTest6" classname="test.task.service.impl.RainyHillsServiceImplTest" time="0"/>
  <testcase name="calculateVolumeSanityTest7" classname="test.task.service.impl.RainyHillsServiceImplTest" time="0"/>
  <testcase name="calculateVolumeSanityTest8" classname="test.task.service.impl.RainyHillsServiceImplTest" time="0"/>
  <testcase name="calculateVolumeSanityTest9" classname="test.task.service.impl.RainyHillsServiceImplTest" time="0"/>
  <testcase name="calculateVolumeWithNullValue" classname="test.task.service.impl.RainyHillsServiceImplTest" time="0.001"/>
  <testcase name="calculateVolumeWithBigValues" classname="test.task.service.impl.RainyHillsServiceImplTest" time="0"/>
  <testcase name="calculateVolumeWithOneHill" classname="test.task.service.impl.RainyHillsServiceImplTest" time="0"/>
  <testcase name="calculateVolumeWithNegativeValue" classname="test.task.service.impl.RainyHillsServiceImplTest" time="0"/>
  <testcase name="calculateVolumeWithZeroHills" classname="test.task.service.impl.RainyHillsServiceImplTest" time="0.001"/>
</testsuite>